<?xml version="1.0" encoding="UTF-8"?>
<testsuite xmlns:xsi="http://www.w3.org/2001/XMLSchema-instance" xsi:noNamespaceSchemaLocation="https://maven.apache.org/surefire/maven-surefire-plugin/xsd/surefire-test-report.xsd" name="TestSuite" time="32.082" tests="3" errors="0" skipped="0" failures="0">
  <properties>
[...]
</properties>
  <testcase name="changeDate" classname="Testcases.TC01PickDateTests" time="6.896"/>
  <testcase name="changeTime" classname="Testcases.TC01PickDateTests" time="12.257"/>
  <testcase name="sendTextsToDefault" classname="Testcases.TC02SendText" time="3.314"/>
</testsuite>