<?xml version="1.0" encoding="UTF-8"?>
<testng-results ignored="2" total="5" passed="3" failed="0" skipped="0">
  <reporter-output>
  </reporter-output>
  <suite started-at="2022-11-30T13:57:18Z" name="All Test Suite" finished-at="2022-11-30T13:57:41Z" duration-ms="22891">
    <groups>
    </groups>
    <test started-at="2022-11-30T13:57:18Z" name="/Users/janardhan/IntelliJProjects/AppiumTestcases" finished-at="2022-11-30T13:57:41Z" duration-ms="22891">
      <class name="Testcases.TC01PickDateTests">
        <test-method is-config="true" signature="appLaunch()[pri:0, instance:Testcases.TC01PickDateTests@19c1820d]" started-at="2022-11-30T13:57:12Z" name="appLaunch" finished-at="2022-11-30T13:57:18Z" duration-ms="6435" status="PASS">
          <reporter-output>
          </reporter-output>
        </test-method> <!-- appLaunch -->
        <test-method is-config="true" signature="launchApp()[pri:0, instance:Testcases.TC01PickDateTests@19c1820d]" started-at="2022-11-30T13:57:18Z" name="launchApp" finished-at="2022-11-30T13:57:19Z" duration-ms="209" status="PASS">
          <reporter-output>
          </reporter-output>
        </test-method> <!-- launchApp -->
        <test-method signature="changeDate()[pri:1, instance:Testcases.TC01PickDateTests@19c1820d]" started-at="2022-11-30T13:57:19Z" name="changeDate" finished-at="2022-11-30T13:57:25Z" duration-ms="6836" status="PASS">
          <reporter-output>
          </reporter-output>
        </test-method> <!-- changeDate -->
        <test-method signature="changeTime()[pri:2, instance:Testcases.TC01PickDateTests@19c1820d]" started-at="2022-11-30T13:57:26Z" name="changeTime" finished-at="2022-11-30T13:57:38Z" duration-ms="12254" status="PASS">
          <reporter-output>
          </reporter-output>
        </test-method> <!-- changeTime -->
        <test-method is-config="true" signature="teardown()[pri:0, instance:Testcases.TC01PickDateTests@19c1820d]" started-at="2022-11-30T13:57:41Z" name="teardown" finished-at="2022-11-30T13:57:42Z" duration-ms="1063" status="PASS">
          <reporter-output>
          </reporter-output>
        </test-method> <!-- teardown -->
      </class> <!-- Testcases.TC01PickDateTests -->
      <class name="Testcases.TC02SendText">
        <test-method is-config="true" signature="launchBrowser()[pri:0, instance:Testcases.TC02SendText@40709f9]" started-at="2022-11-30T13:57:38Z" name="launchBrowser" finished-at="2022-11-30T13:57:38Z" duration-ms="2" status="PASS">
          <reporter-output>
          </reporter-output>
        </test-method> <!-- launchBrowser -->
        <test-method signature="sendTextsToDefault()[pri:3, instance:Testcases.TC02SendText@40709f9]" started-at="2022-11-30T13:57:38Z" name="sendTextsToDefault" finished-at="2022-11-30T13:57:41Z" duration-ms="3463" status="PASS">
          <reporter-output>
          </reporter-output>
        </test-method> <!-- sendTextsToDefault -->
      </class> <!-- Testcases.TC02SendText -->
    </test> <!-- /Users/janardhan/IntelliJProjects/AppiumTestcases -->
  </suite> <!-- All Test Suite -->
</testng-results>
