<?xml version="1.0" encoding="UTF-8"?>
<!-- Generated by org.testng.reporters.JUnitXMLReporter -->
<testsuite ignored="2" hostname="RFL348.local" failures="0" tests="3" name="/Users/janardhan/IntelliJProjects/AppiumTestcases" time="22.891" errors="0" timestamp="30 Nov 2022 13:57:41 GMT">
  <testcase classname="Testcases.TC01PickDateTests" name="changeDate" time="6.836"/>
  <testcase classname="Testcases.TC01PickDateTests" name="changeTime" time="12.254"/>
  <testcase classname="Testcases.TC02SendText" name="sendTextsToDefault" time="3.463"/>
  <testcase classname="Utilities.Common_Functions" name="@BeforeSuite appLaunch" time="0.0">
    <ignored/>
  </testcase> <!-- @BeforeSuite appLaunch -->
  <testcase classname="Utilities.Common_Functions" name="@AfterSuite teardown" time="0.0">
    <ignored/>
  </testcase> <!-- @AfterSuite teardown -->
</testsuite> <!-- /Users/janardhan/IntelliJProjects/AppiumTestcases -->
